<?xml version="1.0" encoding="UTF-8"?>
<!-- Generated by org.testng.reporters.JUnitXMLReporter -->
<testsuite hostname="del1-lhp-n65253" ignored="0" name="Default test" tests="4" failures="0" timestamp="11 Aug 2019 15:44:49 GMT" time="8.741" errors="0">
  <testcase name="verifySearchProds" time="0.048" classname="TESTING_TESTS.testRunner"/>
  <testcase name="verifyCategories" time="0.854" classname="TESTING_TESTS.testRunner"/>
  <testcase name="verifyNoOfProds" time="0.146" classname="TESTING_TESTS.testRunner"/>
  <testcase name="verifyProdsList" time="0.525" classname="TESTING_TESTS.testRunner"/>
</testsuite> <!-- Default test -->
